Build started 8/10/2015 9:49:52 PM.
     1>Project "C:\Users\Basheer\Documents\Visual Studio 2012\Projects\SFML Project\SFML Project\SFML Project.vcxproj" on node 2 (Build target(s)).
     1>ClCompile:
         C:\Program Files (x86)\Microsoft Visual Studio 11.0\VC\bin\CL.exe /c /I"C:\Users\Basheer\Documents\Visual Studio 2012\Projects\SFML Project\SFML Project\SFML-2.1\include" /ZI /nologo /W3 /WX- /Od /Oy- /D SFML_STATIC /D _MBCS /Gm /EHsc /RTC1 /MDd /GS /fp:precise /Zc:wchar_t /Zc:forScope /Fo"Debug\\" /Fd"Debug\vc110.pdb" /Gd /TP /analyze- /errorReport:prompt SFML_Snake.cpp
         SFML_Snake.cpp
     1>c:\users\basheer\documents\visual studio 2012\projects\sfml project\sfml project\sfml_snake.cpp(88): warning C4244: 'argument' : conversion from 'float' to 'sf::Int32', possible loss of data
     1>c:\users\basheer\documents\visual studio 2012\projects\sfml project\sfml project\sfml_snake.cpp(115): warning C4244: 'argument' : conversion from 'unsigned int' to 'float', possible loss of data
     1>c:\users\basheer\documents\visual studio 2012\projects\sfml project\sfml project\sfml_snake.cpp(115): warning C4244: 'argument' : conversion from 'size_t' to 'float', possible loss of data
     1>c:\users\basheer\documents\visual studio 2012\projects\sfml project\sfml project\sfml_snake.cpp(123): warning C4244: 'argument' : conversion from 'int' to 'float', possible loss of data
     1>c:\users\basheer\documents\visual studio 2012\projects\sfml project\sfml project\sfml_snake.cpp(124): warning C4244: 'argument' : conversion from 'const int' to 'float', possible loss of data
     1>c:\users\basheer\documents\visual studio 2012\projects\sfml project\sfml project\sfml_snake.cpp(127): warning C4244: 'argument' : conversion from 'int' to 'float', possible loss of data
     1>c:\users\basheer\documents\visual studio 2012\projects\sfml project\sfml project\sfml_snake.cpp(127): warning C4244: 'argument' : conversion from 'const int' to 'float', possible loss of data
     1>c:\users\basheer\documents\visual studio 2012\projects\sfml project\sfml project\sfml_snake.cpp(134): warning C4244: 'argument' : conversion from 'int' to 'float', possible loss of data
     1>c:\users\basheer\documents\visual studio 2012\projects\sfml project\sfml project\sfml_snake.cpp(135): warning C4244: 'argument' : conversion from 'const int' to 'float', possible loss of data
     1>c:\users\basheer\documents\visual studio 2012\projects\sfml project\sfml project\sfml_snake.cpp(138): warning C4244: 'argument' : conversion from 'const int' to 'float', possible loss of data
     1>c:\users\basheer\documents\visual studio 2012\projects\sfml project\sfml project\sfml_snake.cpp(138): warning C4244: 'argument' : conversion from 'int' to 'float', possible loss of data
     1>c:\users\basheer\documents\visual studio 2012\projects\sfml project\sfml project\sfml_snake.cpp(170): warning C4244: 'argument' : conversion from 'unsigned int' to 'float', possible loss of data
     1>c:\users\basheer\documents\visual studio 2012\projects\sfml project\sfml project\sfml_snake.cpp(170): warning C4244: 'argument' : conversion from 'size_t' to 'float', possible loss of data
       Link:
         C:\Program Files (x86)\Microsoft Visual Studio 11.0\VC\bin\link.exe /ERRORREPORT:PROMPT /OUT:"C:\Users\Basheer\Documents\Visual Studio 2012\Projects\SFML Project\Debug\SFML Project.exe" /INCREMENTAL /NOLOGO /LIBPATH:"C:\Users\Basheer\Documents\Visual Studio 2012\Projects\SFML Project\SFML Project\SFML-2.1\lib" "sfml-audio-s-d.lib" "sfml-graphics-s-d.lib" "sfml-window-s-d.lib" "sfml-system-s-d.lib" kernel32.lib user32.lib gdi32.lib winspool.lib comdlg32.lib advapi32.lib shell32.lib ole32.lib oleaut32.lib uuid.lib odbc32.lib odbccp32.lib /MANIFEST /MANIFESTUAC:"level='asInvoker' uiAccess='false'" /manifest:embed /DEBUG /PDB:"C:\Users\Basheer\Documents\Visual Studio 2012\Projects\SFML Project\Debug\SFML Project.pdb" /TLBID:1 /DYNAMICBASE /NXCOMPAT /IMPLIB:"C:\Users\Basheer\Documents\Visual Studio 2012\Projects\SFML Project\Debug\SFML Project.lib" /MACHINE:X86 Debug\Apple.obj
         Debug\Audio.obj
         Debug\Coin.obj
         Debug\CoinCut.obj
         Debug\Input.obj
         Debug\SFML_Snake.obj
         Debug\Snake.obj
         Debug\SoundLoader.obj
         Debug\variables.obj
     1>sfml-audio-s-d.lib(ALCheck.cpp.obj) : warning LNK4099: PDB 'sfml-audio-s-d.pdb' was not found with 'sfml-audio-s-d.lib(ALCheck.cpp.obj)' or at 'C:\Users\Basheer\Documents\Visual Studio 2012\Projects\SFML Project\Debug\sfml-audio-s-d.pdb'; linking object as if no debug info
     1>sfml-audio-s-d.lib(AudioDevice.cpp.obj) : warning LNK4099: PDB 'sfml-audio-s-d.pdb' was not found with 'sfml-audio-s-d.lib(AudioDevice.cpp.obj)' or at 'C:\Users\Basheer\Documents\Visual Studio 2012\Projects\SFML Project\Debug\sfml-audio-s-d.pdb'; linking object as if no debug info
     1>sfml-audio-s-d.lib(Music.cpp.obj) : warning LNK4099: PDB 'sfml-audio-s-d.pdb' was not found with 'sfml-audio-s-d.lib(Music.cpp.obj)' or at 'C:\Users\Basheer\Documents\Visual Studio 2012\Projects\SFML Project\Debug\sfml-audio-s-d.pdb'; linking object as if no debug info
     1>sfml-audio-s-d.lib(Sound.cpp.obj) : warning LNK4099: PDB 'sfml-audio-s-d.pdb' was not found with 'sfml-audio-s-d.lib(Sound.cpp.obj)' or at 'C:\Users\Basheer\Documents\Visual Studio 2012\Projects\SFML Project\Debug\sfml-audio-s-d.pdb'; linking object as if no debug info
     1>sfml-audio-s-d.lib(SoundBuffer.cpp.obj) : warning LNK4099: PDB 'sfml-audio-s-d.pdb' was not found with 'sfml-audio-s-d.lib(SoundBuffer.cpp.obj)' or at 'C:\Users\Basheer\Documents\Visual Studio 2012\Projects\SFML Project\Debug\sfml-audio-s-d.pdb'; linking object as if no debug info
     1>sfml-audio-s-d.lib(SoundFile.cpp.obj) : warning LNK4099: PDB 'sfml-audio-s-d.pdb' was not found with 'sfml-audio-s-d.lib(SoundFile.cpp.obj)' or at 'C:\Users\Basheer\Documents\Visual Studio 2012\Projects\SFML Project\Debug\sfml-audio-s-d.pdb'; linking object as if no debug info
     1>sfml-audio-s-d.lib(SoundSource.cpp.obj) : warning LNK4099: PDB 'sfml-audio-s-d.pdb' was not found with 'sfml-audio-s-d.lib(SoundSource.cpp.obj)' or at 'C:\Users\Basheer\Documents\Visual Studio 2012\Projects\SFML Project\Debug\sfml-audio-s-d.pdb'; linking object as if no debug info
     1>sfml-audio-s-d.lib(SoundStream.cpp.obj) : warning LNK4099: PDB 'sfml-audio-s-d.pdb' was not found with 'sfml-audio-s-d.lib(SoundStream.cpp.obj)' or at 'C:\Users\Basheer\Documents\Visual Studio 2012\Projects\SFML Project\Debug\sfml-audio-s-d.pdb'; linking object as if no debug info
     1>sfml-graphics-s-d.lib(Color.cpp.obj) : warning LNK4099: PDB 'sfml-graphics-s-d.pdb' was not found with 'sfml-graphics-s-d.lib(Color.cpp.obj)' or at 'C:\Users\Basheer\Documents\Visual Studio 2012\Projects\SFML Project\Debug\sfml-graphics-s-d.pdb'; linking object as if no debug info
     1>sfml-graphics-s-d.lib(Font.cpp.obj) : warning LNK4099: PDB 'sfml-graphics-s-d.pdb' was not found with 'sfml-graphics-s-d.lib(Font.cpp.obj)' or at 'C:\Users\Basheer\Documents\Visual Studio 2012\Projects\SFML Project\Debug\sfml-graphics-s-d.pdb'; linking object as if no debug info
     1>sfml-graphics-s-d.lib(GLCheck.cpp.obj) : warning LNK4099: PDB 'sfml-graphics-s-d.pdb' was not found with 'sfml-graphics-s-d.lib(GLCheck.cpp.obj)' or at 'C:\Users\Basheer\Documents\Visual Studio 2012\Projects\SFML Project\Debug\sfml-graphics-s-d.pdb'; linking object as if no debug info
     1>sfml-graphics-s-d.lib(Image.cpp.obj) : warning LNK4099: PDB 'sfml-graphics-s-d.pdb' was not found with 'sfml-graphics-s-d.lib(Image.cpp.obj)' or at 'C:\Users\Basheer\Documents\Visual Studio 2012\Projects\SFML Project\Debug\sfml-graphics-s-d.pdb'; linking object as if no debug info
     1>sfml-graphics-s-d.lib(ImageLoader.cpp.obj) : warning LNK4099: PDB 'sfml-graphics-s-d.pdb' was not found with 'sfml-graphics-s-d.lib(ImageLoader.cpp.obj)' or at 'C:\Users\Basheer\Documents\Visual Studio 2012\Projects\SFML Project\Debug\sfml-graphics-s-d.pdb'; linking object as if no debug info
     1>sfml-graphics-s-d.lib(RenderStates.cpp.obj) : warning LNK4099: PDB 'sfml-graphics-s-d.pdb' was not found with 'sfml-graphics-s-d.lib(RenderStates.cpp.obj)' or at 'C:\Users\Basheer\Documents\Visual Studio 2012\Projects\SFML Project\Debug\sfml-graphics-s-d.pdb'; linking object as if no debug info
     1>sfml-graphics-s-d.lib(RenderTarget.cpp.obj) : warning LNK4099: PDB 'sfml-graphics-s-d.pdb' was not found with 'sfml-graphics-s-d.lib(RenderTarget.cpp.obj)' or at 'C:\Users\Basheer\Documents\Visual Studio 2012\Projects\SFML Project\Debug\sfml-graphics-s-d.pdb'; linking object as if no debug info
     1>sfml-graphics-s-d.lib(RenderWindow.cpp.obj) : warning LNK4099: PDB 'sfml-graphics-s-d.pdb' was not found with 'sfml-graphics-s-d.lib(RenderWindow.cpp.obj)' or at 'C:\Users\Basheer\Documents\Visual Studio 2012\Projects\SFML Project\Debug\sfml-graphics-s-d.pdb'; linking object as if no debug info
     1>sfml-graphics-s-d.lib(Shader.cpp.obj) : warning LNK4099: PDB 'sfml-graphics-s-d.pdb' was not found with 'sfml-graphics-s-d.lib(Shader.cpp.obj)' or at 'C:\Users\Basheer\Documents\Visual Studio 2012\Projects\SFML Project\Debug\sfml-graphics-s-d.pdb'; linking object as if no debug info
     1>sfml-graphics-s-d.lib(Texture.cpp.obj) : warning LNK4099: PDB 'sfml-graphics-s-d.pdb' was not found with 'sfml-graphics-s-d.lib(Texture.cpp.obj)' or at 'C:\Users\Basheer\Documents\Visual Studio 2012\Projects\SFML Project\Debug\sfml-graphics-s-d.pdb'; linking object as if no debug info
     1>sfml-graphics-s-d.lib(TextureSaver.cpp.obj) : warning LNK4099: PDB 'sfml-graphics-s-d.pdb' was not found with 'sfml-graphics-s-d.lib(TextureSaver.cpp.obj)' or at 'C:\Users\Basheer\Documents\Visual Studio 2012\Projects\SFML Project\Debug\sfml-graphics-s-d.pdb'; linking object as if no debug info
     1>sfml-graphics-s-d.lib(Transform.cpp.obj) : warning LNK4099: PDB 'sfml-graphics-s-d.pdb' was not found with 'sfml-graphics-s-d.lib(Transform.cpp.obj)' or at 'C:\Users\Basheer\Documents\Visual Studio 2012\Projects\SFML Project\Debug\sfml-graphics-s-d.pdb'; linking object as if no debug info
     1>sfml-graphics-s-d.lib(Transformable.cpp.obj) : warning LNK4099: PDB 'sfml-graphics-s-d.pdb' was not found with 'sfml-graphics-s-d.lib(Transformable.cpp.obj)' or at 'C:\Users\Basheer\Documents\Visual Studio 2012\Projects\SFML Project\Debug\sfml-graphics-s-d.pdb'; linking object as if no debug info
     1>sfml-graphics-s-d.lib(View.cpp.obj) : warning LNK4099: PDB 'sfml-graphics-s-d.pdb' was not found with 'sfml-graphics-s-d.lib(View.cpp.obj)' or at 'C:\Users\Basheer\Documents\Visual Studio 2012\Projects\SFML Project\Debug\sfml-graphics-s-d.pdb'; linking object as if no debug info
     1>sfml-graphics-s-d.lib(Vertex.cpp.obj) : warning LNK4099: PDB 'sfml-graphics-s-d.pdb' was not found with 'sfml-graphics-s-d.lib(Vertex.cpp.obj)' or at 'C:\Users\Basheer\Documents\Visual Studio 2012\Projects\SFML Project\Debug\sfml-graphics-s-d.pdb'; linking object as if no debug info
     1>sfml-graphics-s-d.lib(Shape.cpp.obj) : warning LNK4099: PDB 'sfml-graphics-s-d.pdb' was not found with 'sfml-graphics-s-d.lib(Shape.cpp.obj)' or at 'C:\Users\Basheer\Documents\Visual Studio 2012\Projects\SFML Project\Debug\sfml-graphics-s-d.pdb'; linking object as if no debug info
     1>sfml-graphics-s-d.lib(RectangleShape.cpp.obj) : warning LNK4099: PDB 'sfml-graphics-s-d.pdb' was not found with 'sfml-graphics-s-d.lib(RectangleShape.cpp.obj)' or at 'C:\Users\Basheer\Documents\Visual Studio 2012\Projects\SFML Project\Debug\sfml-graphics-s-d.pdb'; linking object as if no debug info
     1>sfml-graphics-s-d.lib(Sprite.cpp.obj) : warning LNK4099: PDB 'sfml-graphics-s-d.pdb' was not found with 'sfml-graphics-s-d.lib(Sprite.cpp.obj)' or at 'C:\Users\Basheer\Documents\Visual Studio 2012\Projects\SFML Project\Debug\sfml-graphics-s-d.pdb'; linking object as if no debug info
     1>sfml-graphics-s-d.lib(Text.cpp.obj) : warning LNK4099: PDB 'sfml-graphics-s-d.pdb' was not found with 'sfml-graphics-s-d.lib(Text.cpp.obj)' or at 'C:\Users\Basheer\Documents\Visual Studio 2012\Projects\SFML Project\Debug\sfml-graphics-s-d.pdb'; linking object as if no debug info
     1>sfml-graphics-s-d.lib(VertexArray.cpp.obj) : warning LNK4099: PDB 'sfml-graphics-s-d.pdb' was not found with 'sfml-graphics-s-d.lib(VertexArray.cpp.obj)' or at 'C:\Users\Basheer\Documents\Visual Studio 2012\Projects\SFML Project\Debug\sfml-graphics-s-d.pdb'; linking object as if no debug info
     1>sfml-window-s-d.lib(GlContext.cpp.obj) : warning LNK4099: PDB 'sfml-window-s-d.pdb' was not found with 'sfml-window-s-d.lib(GlContext.cpp.obj)' or at 'C:\Users\Basheer\Documents\Visual Studio 2012\Projects\SFML Project\Debug\sfml-window-s-d.pdb'; linking object as if no debug info
     1>sfml-window-s-d.lib(GlResource.cpp.obj) : warning LNK4099: PDB 'sfml-window-s-d.pdb' was not found with 'sfml-window-s-d.lib(GlResource.cpp.obj)' or at 'C:\Users\Basheer\Documents\Visual Studio 2012\Projects\SFML Project\Debug\sfml-window-s-d.pdb'; linking object as if no debug info
     1>sfml-window-s-d.lib(JoystickManager.cpp.obj) : warning LNK4099: PDB 'sfml-window-s-d.pdb' was not found with 'sfml-window-s-d.lib(JoystickManager.cpp.obj)' or at 'C:\Users\Basheer\Documents\Visual Studio 2012\Projects\SFML Project\Debug\sfml-window-s-d.pdb'; linking object as if no debug info
     1>sfml-window-s-d.lib(Keyboard.cpp.obj) : warning LNK4099: PDB 'sfml-window-s-d.pdb' was not found with 'sfml-window-s-d.lib(Keyboard.cpp.obj)' or at 'C:\Users\Basheer\Documents\Visual Studio 2012\Projects\SFML Project\Debug\sfml-window-s-d.pdb'; linking object as if no debug info
     1>sfml-window-s-d.lib(VideoMode.cpp.obj) : warning LNK4099: PDB 'sfml-window-s-d.pdb' was not found with 'sfml-window-s-d.lib(VideoMode.cpp.obj)' or at 'C:\Users\Basheer\Documents\Visual Studio 2012\Projects\SFML Project\Debug\sfml-window-s-d.pdb'; linking object as if no debug info
     1>sfml-window-s-d.lib(Window.cpp.obj) : warning LNK4099: PDB 'sfml-window-s-d.pdb' was not found with 'sfml-window-s-d.lib(Window.cpp.obj)' or at 'C:\Users\Basheer\Documents\Visual Studio 2012\Projects\SFML Project\Debug\sfml-window-s-d.pdb'; linking object as if no debug info
     1>sfml-window-s-d.lib(WindowImpl.cpp.obj) : warning LNK4099: PDB 'sfml-window-s-d.pdb' was not found with 'sfml-window-s-d.lib(WindowImpl.cpp.obj)' or at 'C:\Users\Basheer\Documents\Visual Studio 2012\Projects\SFML Project\Debug\sfml-window-s-d.pdb'; linking object as if no debug info
     1>sfml-window-s-d.lib(WglContext.cpp.obj) : warning LNK4099: PDB 'sfml-window-s-d.pdb' was not found with 'sfml-window-s-d.lib(WglContext.cpp.obj)' or at 'C:\Users\Basheer\Documents\Visual Studio 2012\Projects\SFML Project\Debug\sfml-window-s-d.pdb'; linking object as if no debug info
     1>sfml-window-s-d.lib(InputImpl.cpp.obj) : warning LNK4099: PDB 'sfml-window-s-d.pdb' was not found with 'sfml-window-s-d.lib(InputImpl.cpp.obj)' or at 'C:\Users\Basheer\Documents\Visual Studio 2012\Projects\SFML Project\Debug\sfml-window-s-d.pdb'; linking object as if no debug info
     1>sfml-window-s-d.lib(JoystickImpl.cpp.obj) : warning LNK4099: PDB 'sfml-window-s-d.pdb' was not found with 'sfml-window-s-d.lib(JoystickImpl.cpp.obj)' or at 'C:\Users\Basheer\Documents\Visual Studio 2012\Projects\SFML Project\Debug\sfml-window-s-d.pdb'; linking object as if no debug info
     1>sfml-window-s-d.lib(VideoModeImpl.cpp.obj) : warning LNK4099: PDB 'sfml-window-s-d.pdb' was not found with 'sfml-window-s-d.lib(VideoModeImpl.cpp.obj)' or at 'C:\Users\Basheer\Documents\Visual Studio 2012\Projects\SFML Project\Debug\sfml-window-s-d.pdb'; linking object as if no debug info
     1>sfml-window-s-d.lib(WindowImplWin32.cpp.obj) : warning LNK4099: PDB 'sfml-window-s-d.pdb' was not found with 'sfml-window-s-d.lib(WindowImplWin32.cpp.obj)' or at 'C:\Users\Basheer\Documents\Visual Studio 2012\Projects\SFML Project\Debug\sfml-window-s-d.pdb'; linking object as if no debug info
     1>sfml-system-s-d.lib(Clock.cpp.obj) : warning LNK4099: PDB 'sfml-system-s-d.pdb' was not found with 'sfml-system-s-d.lib(Clock.cpp.obj)' or at 'C:\Users\Basheer\Documents\Visual Studio 2012\Projects\SFML Project\Debug\sfml-system-s-d.pdb'; linking object as if no debug info
     1>sfml-system-s-d.lib(Err.cpp.obj) : warning LNK4099: PDB 'sfml-system-s-d.pdb' was not found with 'sfml-system-s-d.lib(Err.cpp.obj)' or at 'C:\Users\Basheer\Documents\Visual Studio 2012\Projects\SFML Project\Debug\sfml-system-s-d.pdb'; linking object as if no debug info
     1>sfml-system-s-d.lib(Lock.cpp.obj) : warning LNK4099: PDB 'sfml-system-s-d.pdb' was not found with 'sfml-system-s-d.lib(Lock.cpp.obj)' or at 'C:\Users\Basheer\Documents\Visual Studio 2012\Projects\SFML Project\Debug\sfml-system-s-d.pdb'; linking object as if no debug info
     1>sfml-system-s-d.lib(Mutex.cpp.obj) : warning LNK4099: PDB 'sfml-system-s-d.pdb' was not found with 'sfml-system-s-d.lib(Mutex.cpp.obj)' or at 'C:\Users\Basheer\Documents\Visual Studio 2012\Projects\SFML Project\Debug\sfml-system-s-d.pdb'; linking object as if no debug info
     1>sfml-system-s-d.lib(Sleep.cpp.obj) : warning LNK4099: PDB 'sfml-system-s-d.pdb' was not found with 'sfml-system-s-d.lib(Sleep.cpp.obj)' or at 'C:\Users\Basheer\Documents\Visual Studio 2012\Projects\SFML Project\Debug\sfml-system-s-d.pdb'; linking object as if no debug info
     1>sfml-system-s-d.lib(String.cpp.obj) : warning LNK4099: PDB 'sfml-system-s-d.pdb' was not found with 'sfml-system-s-d.lib(String.cpp.obj)' or at 'C:\Users\Basheer\Documents\Visual Studio 2012\Projects\SFML Project\Debug\sfml-system-s-d.pdb'; linking object as if no debug info
     1>sfml-system-s-d.lib(Thread.cpp.obj) : warning LNK4099: PDB 'sfml-system-s-d.pdb' was not found with 'sfml-system-s-d.lib(Thread.cpp.obj)' or at 'C:\Users\Basheer\Documents\Visual Studio 2012\Projects\SFML Project\Debug\sfml-system-s-d.pdb'; linking object as if no debug info
     1>sfml-system-s-d.lib(ThreadLocal.cpp.obj) : warning LNK4099: PDB 'sfml-system-s-d.pdb' was not found with 'sfml-system-s-d.lib(ThreadLocal.cpp.obj)' or at 'C:\Users\Basheer\Documents\Visual Studio 2012\Projects\SFML Project\Debug\sfml-system-s-d.pdb'; linking object as if no debug info
     1>sfml-system-s-d.lib(Time.cpp.obj) : warning LNK4099: PDB 'sfml-system-s-d.pdb' was not found with 'sfml-system-s-d.lib(Time.cpp.obj)' or at 'C:\Users\Basheer\Documents\Visual Studio 2012\Projects\SFML Project\Debug\sfml-system-s-d.pdb'; linking object as if no debug info
     1>sfml-system-s-d.lib(ClockImpl.cpp.obj) : warning LNK4099: PDB 'sfml-system-s-d.pdb' was not found with 'sfml-system-s-d.lib(ClockImpl.cpp.obj)' or at 'C:\Users\Basheer\Documents\Visual Studio 2012\Projects\SFML Project\Debug\sfml-system-s-d.pdb'; linking object as if no debug info
     1>sfml-system-s-d.lib(MutexImpl.cpp.obj) : warning LNK4099: PDB 'sfml-system-s-d.pdb' was not found with 'sfml-system-s-d.lib(MutexImpl.cpp.obj)' or at 'C:\Users\Basheer\Documents\Visual Studio 2012\Projects\SFML Project\Debug\sfml-system-s-d.pdb'; linking object as if no debug info
     1>sfml-system-s-d.lib(SleepImpl.cpp.obj) : warning LNK4099: PDB 'sfml-system-s-d.pdb' was not found with 'sfml-system-s-d.lib(SleepImpl.cpp.obj)' or at 'C:\Users\Basheer\Documents\Visual Studio 2012\Projects\SFML Project\Debug\sfml-system-s-d.pdb'; linking object as if no debug info
     1>sfml-system-s-d.lib(ThreadImpl.cpp.obj) : warning LNK4099: PDB 'sfml-system-s-d.pdb' was not found with 'sfml-system-s-d.lib(ThreadImpl.cpp.obj)' or at 'C:\Users\Basheer\Documents\Visual Studio 2012\Projects\SFML Project\Debug\sfml-system-s-d.pdb'; linking object as if no debug info
     1>sfml-system-s-d.lib(ThreadLocalImpl.cpp.obj) : warning LNK4099: PDB 'sfml-system-s-d.pdb' was not found with 'sfml-system-s-d.lib(ThreadLocalImpl.cpp.obj)' or at 'C:\Users\Basheer\Documents\Visual Studio 2012\Projects\SFML Project\Debug\sfml-system-s-d.pdb'; linking object as if no debug info
         SFML Project.vcxproj -> C:\Users\Basheer\Documents\Visual Studio 2012\Projects\SFML Project\Debug\SFML Project.exe
     1>Done Building Project "C:\Users\Basheer\Documents\Visual Studio 2012\Projects\SFML Project\SFML Project\SFML Project.vcxproj" (Build target(s)).

Build succeeded.

Time Elapsed 00:00:01.76
