C:\USERS\BASHEER\DOCUMENTS\VISUAL STUDIO 2012\PROJECTS\SFML PROJECT\SFML PROJECT\DEBUG\MENU.OBJ
C:\USERS\BASHEER\DOCUMENTS\VISUAL STUDIO 2012\PROJECTS\SFML PROJECT\SFML PROJECT\DEBUG\SFML_SNAKE.OBJ
C:\USERS\BASHEER\DOCUMENTS\VISUAL STUDIO 2012\PROJECTS\SFML PROJECT\SFML PROJECT\DEBUG\VC110.PDB
C:\USERS\BASHEER\DOCUMENTS\VISUAL STUDIO 2012\PROJECTS\SFML PROJECT\SFML PROJECT\DEBUG\SNAKE.OBJ
C:\USERS\BASHEER\DOCUMENTS\VISUAL STUDIO 2012\PROJECTS\SFML PROJECT\SFML PROJECT\DEBUG\VARIABLES.OBJ
C:\USERS\BASHEER\DOCUMENTS\VISUAL STUDIO 2012\PROJECTS\SFML PROJECT\SFML PROJECT\DEBUG\APPLE.OBJ
C:\USERS\BASHEER\DOCUMENTS\VISUAL STUDIO 2012\PROJECTS\SFML PROJECT\SFML PROJECT\DEBUG\AUDIO.OBJ
C:\USERS\BASHEER\DOCUMENTS\VISUAL STUDIO 2012\PROJECTS\SFML PROJECT\SFML PROJECT\DEBUG\INPUT.OBJ
C:\USERS\BASHEER\DOCUMENTS\VISUAL STUDIO 2012\PROJECTS\SFML PROJECT\DEBUG\SFML PROJECT.ILK
C:\USERS\BASHEER\DOCUMENTS\VISUAL STUDIO 2012\PROJECTS\SFML PROJECT\DEBUG\SFML PROJECT.EXE
C:\USERS\BASHEER\DOCUMENTS\VISUAL STUDIO 2012\PROJECTS\SFML PROJECT\DEBUG\SFML PROJECT.PDB
C:\Users\Basheer\documents\visual studio 2012\Projects\SFML Project\SFML Project\Debug\Apple.obj
C:\Users\Basheer\documents\visual studio 2012\Projects\SFML Project\SFML Project\Debug\Audio.obj
C:\Users\Basheer\documents\visual studio 2012\Projects\SFML Project\SFML Project\Debug\Input.obj
C:\Users\Basheer\documents\visual studio 2012\Projects\SFML Project\SFML Project\Debug\Menu.obj
C:\Users\Basheer\documents\visual studio 2012\Projects\SFML Project\SFML Project\Debug\Snake.obj
C:\Users\Basheer\documents\visual studio 2012\Projects\SFML Project\SFML Project\Debug\variables.obj
C:\Users\Basheer\documents\visual studio 2012\Projects\SFML Project\SFML Project\Debug\cl.command.1.tlog
C:\Users\Basheer\documents\visual studio 2012\Projects\SFML Project\SFML Project\Debug\CL.read.1.tlog
C:\Users\Basheer\documents\visual studio 2012\Projects\SFML Project\SFML Project\Debug\CL.write.1.tlog
C:\Users\Basheer\documents\visual studio 2012\Projects\SFML Project\SFML Project\Debug\link-cvtres.read.1.tlog
C:\Users\Basheer\documents\visual studio 2012\Projects\SFML Project\SFML Project\Debug\link-cvtres.write.1.tlog
C:\Users\Basheer\documents\visual studio 2012\Projects\SFML Project\SFML Project\Debug\link-rc.read.1.tlog
C:\Users\Basheer\documents\visual studio 2012\Projects\SFML Project\SFML Project\Debug\link-rc.write.1.tlog
C:\Users\Basheer\documents\visual studio 2012\Projects\SFML Project\SFML Project\Debug\link.10972-cvtres.read.1.tlog
C:\Users\Basheer\documents\visual studio 2012\Projects\SFML Project\SFML Project\Debug\link.10972-cvtres.write.1.tlog
C:\Users\Basheer\documents\visual studio 2012\Projects\SFML Project\SFML Project\Debug\link.10972-rc.read.1.tlog
C:\Users\Basheer\documents\visual studio 2012\Projects\SFML Project\SFML Project\Debug\link.10972-rc.write.1.tlog
C:\Users\Basheer\documents\visual studio 2012\Projects\SFML Project\SFML Project\Debug\link.10972.read.1.tlog
C:\Users\Basheer\documents\visual studio 2012\Projects\SFML Project\SFML Project\Debug\link.10972.read.2.tlog
C:\Users\Basheer\documents\visual studio 2012\Projects\SFML Project\SFML Project\Debug\link.10972.write.1.tlog
C:\Users\Basheer\documents\visual studio 2012\Projects\SFML Project\SFML Project\Debug\link.11452-cvtres.read.1.tlog
C:\Users\Basheer\documents\visual studio 2012\Projects\SFML Project\SFML Project\Debug\link.11452-cvtres.write.1.tlog
C:\Users\Basheer\documents\visual studio 2012\Projects\SFML Project\SFML Project\Debug\link.11452-rc.read.1.tlog
C:\Users\Basheer\documents\visual studio 2012\Projects\SFML Project\SFML Project\Debug\link.11452-rc.write.1.tlog
C:\Users\Basheer\documents\visual studio 2012\Projects\SFML Project\SFML Project\Debug\link.11452.read.1.tlog
C:\Users\Basheer\documents\visual studio 2012\Projects\SFML Project\SFML Project\Debug\link.11452.read.2.tlog
C:\Users\Basheer\documents\visual studio 2012\Projects\SFML Project\SFML Project\Debug\link.11452.write.1.tlog
C:\Users\Basheer\documents\visual studio 2012\Projects\SFML Project\SFML Project\Debug\link.11624-cvtres.read.1.tlog
C:\Users\Basheer\documents\visual studio 2012\Projects\SFML Project\SFML Project\Debug\link.11624-cvtres.write.1.tlog
C:\Users\Basheer\documents\visual studio 2012\Projects\SFML Project\SFML Project\Debug\link.11624-rc.read.1.tlog
C:\Users\Basheer\documents\visual studio 2012\Projects\SFML Project\SFML Project\Debug\link.11624-rc.write.1.tlog
C:\Users\Basheer\documents\visual studio 2012\Projects\SFML Project\SFML Project\Debug\link.11624.read.1.tlog
C:\Users\Basheer\documents\visual studio 2012\Projects\SFML Project\SFML Project\Debug\link.11624.read.2.tlog
C:\Users\Basheer\documents\visual studio 2012\Projects\SFML Project\SFML Project\Debug\link.11624.write.1.tlog
C:\Users\Basheer\documents\visual studio 2012\Projects\SFML Project\SFML Project\Debug\link.12252.read.1.tlog
C:\Users\Basheer\documents\visual studio 2012\Projects\SFML Project\SFML Project\Debug\link.12252.write.1.tlog
C:\Users\Basheer\documents\visual studio 2012\Projects\SFML Project\SFML Project\Debug\link.13648-cvtres.read.1.tlog
C:\Users\Basheer\documents\visual studio 2012\Projects\SFML Project\SFML Project\Debug\link.13648-cvtres.write.1.tlog
C:\Users\Basheer\documents\visual studio 2012\Projects\SFML Project\SFML Project\Debug\link.13648-rc.read.1.tlog
C:\Users\Basheer\documents\visual studio 2012\Projects\SFML Project\SFML Project\Debug\link.13648-rc.write.1.tlog
C:\Users\Basheer\documents\visual studio 2012\Projects\SFML Project\SFML Project\Debug\link.13648.read.1.tlog
C:\Users\Basheer\documents\visual studio 2012\Projects\SFML Project\SFML Project\Debug\link.13648.read.2.tlog
C:\Users\Basheer\documents\visual studio 2012\Projects\SFML Project\SFML Project\Debug\link.13648.write.1.tlog
C:\Users\Basheer\documents\visual studio 2012\Projects\SFML Project\SFML Project\Debug\link.4464-cvtres.read.1.tlog
C:\Users\Basheer\documents\visual studio 2012\Projects\SFML Project\SFML Project\Debug\link.4464-cvtres.write.1.tlog
C:\Users\Basheer\documents\visual studio 2012\Projects\SFML Project\SFML Project\Debug\link.4464-rc.read.1.tlog
C:\Users\Basheer\documents\visual studio 2012\Projects\SFML Project\SFML Project\Debug\link.4464-rc.write.1.tlog
C:\Users\Basheer\documents\visual studio 2012\Projects\SFML Project\SFML Project\Debug\link.4464.read.1.tlog
C:\Users\Basheer\documents\visual studio 2012\Projects\SFML Project\SFML Project\Debug\link.4464.read.2.tlog
C:\Users\Basheer\documents\visual studio 2012\Projects\SFML Project\SFML Project\Debug\link.4464.write.1.tlog
C:\Users\Basheer\documents\visual studio 2012\Projects\SFML Project\SFML Project\Debug\link.5224-cvtres.read.1.tlog
C:\Users\Basheer\documents\visual studio 2012\Projects\SFML Project\SFML Project\Debug\link.5224-cvtres.write.1.tlog
C:\Users\Basheer\documents\visual studio 2012\Projects\SFML Project\SFML Project\Debug\link.5224-rc.read.1.tlog
C:\Users\Basheer\documents\visual studio 2012\Projects\SFML Project\SFML Project\Debug\link.5224-rc.write.1.tlog
C:\Users\Basheer\documents\visual studio 2012\Projects\SFML Project\SFML Project\Debug\link.5224.read.1.tlog
C:\Users\Basheer\documents\visual studio 2012\Projects\SFML Project\SFML Project\Debug\link.5224.write.1.tlog
C:\Users\Basheer\documents\visual studio 2012\Projects\SFML Project\SFML Project\Debug\link.5688-cvtres.read.1.tlog
C:\Users\Basheer\documents\visual studio 2012\Projects\SFML Project\SFML Project\Debug\link.5688-cvtres.write.1.tlog
C:\Users\Basheer\documents\visual studio 2012\Projects\SFML Project\SFML Project\Debug\link.5688-rc.read.1.tlog
C:\Users\Basheer\documents\visual studio 2012\Projects\SFML Project\SFML Project\Debug\link.5688-rc.write.1.tlog
C:\Users\Basheer\documents\visual studio 2012\Projects\SFML Project\SFML Project\Debug\link.5688.read.1.tlog
C:\Users\Basheer\documents\visual studio 2012\Projects\SFML Project\SFML Project\Debug\link.5688.write.1.tlog
C:\Users\Basheer\documents\visual studio 2012\Projects\SFML Project\SFML Project\Debug\link.5900-cvtres.read.1.tlog
C:\Users\Basheer\documents\visual studio 2012\Projects\SFML Project\SFML Project\Debug\link.5900-cvtres.write.1.tlog
C:\Users\Basheer\documents\visual studio 2012\Projects\SFML Project\SFML Project\Debug\link.5900-rc.read.1.tlog
C:\Users\Basheer\documents\visual studio 2012\Projects\SFML Project\SFML Project\Debug\link.5900-rc.write.1.tlog
C:\Users\Basheer\documents\visual studio 2012\Projects\SFML Project\SFML Project\Debug\link.5900.read.1.tlog
C:\Users\Basheer\documents\visual studio 2012\Projects\SFML Project\SFML Project\Debug\link.5900.write.1.tlog
C:\Users\Basheer\documents\visual studio 2012\Projects\SFML Project\SFML Project\Debug\link.5992-cvtres.read.1.tlog
C:\Users\Basheer\documents\visual studio 2012\Projects\SFML Project\SFML Project\Debug\link.5992-cvtres.write.1.tlog
C:\Users\Basheer\documents\visual studio 2012\Projects\SFML Project\SFML Project\Debug\link.5992-rc.read.1.tlog
C:\Users\Basheer\documents\visual studio 2012\Projects\SFML Project\SFML Project\Debug\link.5992-rc.write.1.tlog
C:\Users\Basheer\documents\visual studio 2012\Projects\SFML Project\SFML Project\Debug\link.5992.read.1.tlog
C:\Users\Basheer\documents\visual studio 2012\Projects\SFML Project\SFML Project\Debug\link.5992.read.2.tlog
C:\Users\Basheer\documents\visual studio 2012\Projects\SFML Project\SFML Project\Debug\link.5992.write.1.tlog
C:\Users\Basheer\documents\visual studio 2012\Projects\SFML Project\SFML Project\Debug\link.7016-cvtres.read.1.tlog
C:\Users\Basheer\documents\visual studio 2012\Projects\SFML Project\SFML Project\Debug\link.7016-cvtres.write.1.tlog
C:\Users\Basheer\documents\visual studio 2012\Projects\SFML Project\SFML Project\Debug\link.7016-rc.read.1.tlog
C:\Users\Basheer\documents\visual studio 2012\Projects\SFML Project\SFML Project\Debug\link.7016-rc.write.1.tlog
C:\Users\Basheer\documents\visual studio 2012\Projects\SFML Project\SFML Project\Debug\link.7016.read.1.tlog
C:\Users\Basheer\documents\visual studio 2012\Projects\SFML Project\SFML Project\Debug\link.7016.read.2.tlog
C:\Users\Basheer\documents\visual studio 2012\Projects\SFML Project\SFML Project\Debug\link.7016.write.1.tlog
C:\Users\Basheer\documents\visual studio 2012\Projects\SFML Project\SFML Project\Debug\link.7372-cvtres.read.1.tlog
C:\Users\Basheer\documents\visual studio 2012\Projects\SFML Project\SFML Project\Debug\link.7372-cvtres.write.1.tlog
C:\Users\Basheer\documents\visual studio 2012\Projects\SFML Project\SFML Project\Debug\link.7372-rc.read.1.tlog
C:\Users\Basheer\documents\visual studio 2012\Projects\SFML Project\SFML Project\Debug\link.7372-rc.write.1.tlog
C:\Users\Basheer\documents\visual studio 2012\Projects\SFML Project\SFML Project\Debug\link.7372.read.1.tlog
C:\Users\Basheer\documents\visual studio 2012\Projects\SFML Project\SFML Project\Debug\link.7372.read.2.tlog
C:\Users\Basheer\documents\visual studio 2012\Projects\SFML Project\SFML Project\Debug\link.7372.write.1.tlog
C:\Users\Basheer\documents\visual studio 2012\Projects\SFML Project\SFML Project\Debug\link.8880-cvtres.read.1.tlog
C:\Users\Basheer\documents\visual studio 2012\Projects\SFML Project\SFML Project\Debug\link.8880-cvtres.write.1.tlog
C:\Users\Basheer\documents\visual studio 2012\Projects\SFML Project\SFML Project\Debug\link.8880-rc.read.1.tlog
C:\Users\Basheer\documents\visual studio 2012\Projects\SFML Project\SFML Project\Debug\link.8880-rc.write.1.tlog
C:\Users\Basheer\documents\visual studio 2012\Projects\SFML Project\SFML Project\Debug\link.8880.read.1.tlog
C:\Users\Basheer\documents\visual studio 2012\Projects\SFML Project\SFML Project\Debug\link.8880.read.2.tlog
C:\Users\Basheer\documents\visual studio 2012\Projects\SFML Project\SFML Project\Debug\link.8880.write.1.tlog
C:\Users\Basheer\documents\visual studio 2012\Projects\SFML Project\SFML Project\Debug\link.8896-cvtres.read.1.tlog
C:\Users\Basheer\documents\visual studio 2012\Projects\SFML Project\SFML Project\Debug\link.8896-cvtres.write.1.tlog
C:\Users\Basheer\documents\visual studio 2012\Projects\SFML Project\SFML Project\Debug\link.8896-rc.read.1.tlog
C:\Users\Basheer\documents\visual studio 2012\Projects\SFML Project\SFML Project\Debug\link.8896-rc.write.1.tlog
C:\Users\Basheer\documents\visual studio 2012\Projects\SFML Project\SFML Project\Debug\link.8896.read.1.tlog
C:\Users\Basheer\documents\visual studio 2012\Projects\SFML Project\SFML Project\Debug\link.8896.write.1.tlog
C:\Users\Basheer\documents\visual studio 2012\Projects\SFML Project\SFML Project\Debug\link.9084-cvtres.read.1.tlog
C:\Users\Basheer\documents\visual studio 2012\Projects\SFML Project\SFML Project\Debug\link.9084-cvtres.write.1.tlog
C:\Users\Basheer\documents\visual studio 2012\Projects\SFML Project\SFML Project\Debug\link.9084-rc.read.1.tlog
C:\Users\Basheer\documents\visual studio 2012\Projects\SFML Project\SFML Project\Debug\link.9084-rc.write.1.tlog
C:\Users\Basheer\documents\visual studio 2012\Projects\SFML Project\SFML Project\Debug\link.9084.read.1.tlog
C:\Users\Basheer\documents\visual studio 2012\Projects\SFML Project\SFML Project\Debug\link.9084.read.2.tlog
C:\Users\Basheer\documents\visual studio 2012\Projects\SFML Project\SFML Project\Debug\link.9084.write.1.tlog
C:\Users\Basheer\documents\visual studio 2012\Projects\SFML Project\SFML Project\Debug\link.9560-cvtres.read.1.tlog
C:\Users\Basheer\documents\visual studio 2012\Projects\SFML Project\SFML Project\Debug\link.9560-cvtres.write.1.tlog
C:\Users\Basheer\documents\visual studio 2012\Projects\SFML Project\SFML Project\Debug\link.9560-rc.read.1.tlog
C:\Users\Basheer\documents\visual studio 2012\Projects\SFML Project\SFML Project\Debug\link.9560-rc.write.1.tlog
C:\Users\Basheer\documents\visual studio 2012\Projects\SFML Project\SFML Project\Debug\link.9560.read.1.tlog
C:\Users\Basheer\documents\visual studio 2012\Projects\SFML Project\SFML Project\Debug\link.9560.write.1.tlog
C:\Users\Basheer\documents\visual studio 2012\Projects\SFML Project\SFML Project\Debug\link.9636-cvtres.read.1.tlog
C:\Users\Basheer\documents\visual studio 2012\Projects\SFML Project\SFML Project\Debug\link.9636-cvtres.write.1.tlog
C:\Users\Basheer\documents\visual studio 2012\Projects\SFML Project\SFML Project\Debug\link.9636-rc.read.1.tlog
C:\Users\Basheer\documents\visual studio 2012\Projects\SFML Project\SFML Project\Debug\link.9636-rc.write.1.tlog
C:\Users\Basheer\documents\visual studio 2012\Projects\SFML Project\SFML Project\Debug\link.9636.read.1.tlog
C:\Users\Basheer\documents\visual studio 2012\Projects\SFML Project\SFML Project\Debug\link.9636.read.2.tlog
C:\Users\Basheer\documents\visual studio 2012\Projects\SFML Project\SFML Project\Debug\link.9636.write.1.tlog
C:\Users\Basheer\documents\visual studio 2012\Projects\SFML Project\SFML Project\Debug\link.command.1.tlog
C:\Users\Basheer\documents\visual studio 2012\Projects\SFML Project\SFML Project\Debug\link.read.1.tlog
C:\Users\Basheer\documents\visual studio 2012\Projects\SFML Project\SFML Project\Debug\link.read.2.tlog
C:\Users\Basheer\documents\visual studio 2012\Projects\SFML Project\SFML Project\Debug\link.write.1.tlog
C:\Users\Basheer\documents\visual studio 2012\Projects\SFML Project\SFML Project\Debug\vc110.idb
C:\Users\Basheer\documents\visual studio 2012\Projects\SFML Project\SFML Project\Debug\vc110.pdb
C:\Users\Basheer\documents\visual studio 2012\Projects\SFML Project\Debug\SFML Project.pdb
C:\Users\Basheer\documents\visual studio 2012\Projects\SFML Project\Debug\SFML Project.exe
C:\Users\Basheer\documents\visual studio 2012\Projects\SFML Project\Debug\SFML Project.ilk
